<?xml version="1.0" encoding="UTF-8"?>
<testng-results ignored="0" total="2" passed="2" failed="0" skipped="0">
  <reporter-output>
  </reporter-output>
  <suite started-at="2023-08-11T13:48:45 CEST" name="All Test Suite" finished-at="2023-08-11T13:48:57 CEST" duration-ms="11475">
    <groups>
    </groups>
    <test started-at="2023-08-11T13:48:45 CEST" name="Parallel Testing" finished-at="2023-08-11T13:48:57 CEST" duration-ms="11475">
      <class name="StepDefinition.Parallel">
        <test-method signature="FirefoxTest()[pri:0, instance:StepDefinition.Parallel@4386f16]" started-at="2023-08-11T13:48:45 CEST" name="FirefoxTest" finished-at="2023-08-11T13:48:51 CEST" duration-ms="6267" status="PASS">
          <reporter-output>
          </reporter-output>
        </test-method> <!-- FirefoxTest -->
        <test-method signature="ChromeTest()[pri:0, instance:StepDefinition.Parallel@4386f16]" started-at="2023-08-11T13:48:45 CEST" name="ChromeTest" finished-at="2023-08-11T13:48:57 CEST" duration-ms="11454" status="PASS">
          <reporter-output>
          </reporter-output>
        </test-method> <!-- ChromeTest -->
      </class> <!-- StepDefinition.Parallel -->
    </test> <!-- Parallel Testing -->
  </suite> <!-- All Test Suite -->
</testng-results>
